<?xml version="1.0" encoding="UTF-8"?>
<robot generator="Robot 7.4.2 (Python 3.12.3 on win32)" generated="2026-03-24T08:32:07.543396" rpa="false" schemaversion="5">
<suite id="s1" name="Tests" source="C:\Ryan\Work\Projects\Github\API_Testing\tests">
<suite id="s1-s1" name="Add Pet Tests" source="C:\Ryan\Work\Projects\Github\API_Testing\tests\add_pet_tests.robot">
<test id="s1-s1-t1" name="Add new record of pet" line="10">
<kw name="create test context" owner="common" type="SETUP">
<kw name="Create Dictionary" owner="BuiltIn">
<msg time="2026-03-24T08:32:08.197420" level="INFO">${ctx} = {}</msg>
<var>${ctx}</var>
<doc>Creates and returns a dictionary based on the given ``items``.</doc>
<status status="PASS" start="2026-03-24T08:32:08.197420" elapsed="0.000000"/>
</kw>
<kw name="Set Test Variable" owner="BuiltIn">
<msg time="2026-03-24T08:32:08.197420" level="INFO">${CTX} = {}</msg>
<arg>${CTX}</arg>
<arg>${ctx}</arg>
<doc>Makes a variable available everywhere within the scope of the current test.</doc>
<status status="PASS" start="2026-03-24T08:32:08.197420" elapsed="0.000000"/>
</kw>
<status status="PASS" start="2026-03-24T08:32:08.197420" elapsed="0.000000"/>
</kw>
<kw name="When add pet request is sent" owner="add_pet_steps">
<kw name="Set Variable" owner="BuiltIn">
<msg time="2026-03-24T08:32:08.197420" level="INFO">${url} = https://petstore.swagger.io/v2/pet</msg>
<var>${url}</var>
<arg>${base_url}${add_pet_path}</arg>
<doc>Returns the given values which can then be assigned to a variables.</doc>
<status status="PASS" start="2026-03-24T08:32:08.197420" elapsed="0.000000"/>
</kw>
<kw name="Submit Add Pet Request" owner="add_pet">
<msg time="2026-03-24T08:32:11.003609" level="INFO">${result} = &lt;Response [200]&gt;</msg>
<msg time="2026-03-24T08:32:11.003609" level="INFO">${pet_id} = 360</msg>
<msg time="2026-03-24T08:32:11.003609" level="INFO">${pet_name} = Melissa</msg>
<var>${result}</var>
<var>${pet_id}</var>
<var>${pet_name}</var>
<arg>${url}</arg>
<status status="PASS" start="2026-03-24T08:32:08.197420" elapsed="2.806189"/>
</kw>
<kw name="set context value" owner="common">
<kw name="Set To Dictionary" owner="Collections">
<arg>${CTX}</arg>
<arg>${key}=${value}</arg>
<doc>Adds the given ``key_value_pairs`` and/or ``items`` to the ``dictionary``.</doc>
<status status="PASS" start="2026-03-24T08:32:11.005123" elapsed="0.000000"/>
</kw>
<arg>add_pet_result</arg>
<arg>${result}</arg>
<status status="PASS" start="2026-03-24T08:32:11.005123" elapsed="0.000000"/>
</kw>
<if>
<branch type="IF" condition="'${result.status_code}' == '200'">
<kw name="set context value" owner="common">
<kw name="Set To Dictionary" owner="Collections">
<arg>${CTX}</arg>
<arg>${key}=${value}</arg>
<doc>Adds the given ``key_value_pairs`` and/or ``items`` to the ``dictionary``.</doc>
<status status="PASS" start="2026-03-24T08:32:11.007135" elapsed="0.002011"/>
</kw>
<arg>pet_id</arg>
<arg>${pet_id}</arg>
<status status="PASS" start="2026-03-24T08:32:11.007135" elapsed="0.002011"/>
</kw>
<kw name="set context value" owner="common">
<kw name="Set To Dictionary" owner="Collections">
<arg>${CTX}</arg>
<arg>${key}=${value}</arg>
<doc>Adds the given ``key_value_pairs`` and/or ``items`` to the ``dictionary``.</doc>
<status status="PASS" start="2026-03-24T08:32:11.009146" elapsed="0.000000"/>
</kw>
<arg>pet_name</arg>
<arg>${pet_name}</arg>
<status status="PASS" start="2026-03-24T08:32:11.009146" elapsed="0.000000"/>
</kw>
<status status="PASS" start="2026-03-24T08:32:11.007135" elapsed="0.002011"/>
</branch>
<status status="PASS" start="2026-03-24T08:32:11.005123" elapsed="0.004023"/>
</if>
<status status="PASS" start="2026-03-24T08:32:08.197420" elapsed="2.811726"/>
</kw>
<kw name="Then add pet response should be successful" owner="add_pet_steps">
<kw name="get context value" owner="common">
<kw name="Dictionary Should Contain Key" owner="Collections">
<arg>${CTX}</arg>
<arg>${key}</arg>
<doc>Fails if ``key`` is not found from ``dictionary``.</doc>
<status status="PASS" start="2026-03-24T08:32:11.011995" elapsed="0.000000"/>
</kw>
<kw name="Get From Dictionary" owner="Collections">
<msg time="2026-03-24T08:32:11.011995" level="INFO">${value} = &lt;Response [200]&gt;</msg>
<var>${value}</var>
<arg>${CTX}</arg>
<arg>${key}</arg>
<doc>Returns a value from the given ``dictionary`` based on the given ``key``.</doc>
<status status="PASS" start="2026-03-24T08:32:11.011995" elapsed="0.000000"/>
</kw>
<return>
<value>${value}</value>
<status status="PASS" start="2026-03-24T08:32:11.011995" elapsed="0.000000"/>
</return>
<msg time="2026-03-24T08:32:11.011995" level="INFO">${result} = &lt;Response [200]&gt;</msg>
<var>${result}</var>
<arg>add_pet_result</arg>
<status status="PASS" start="2026-03-24T08:32:11.011995" elapsed="0.000000"/>
</kw>
<kw name="Validate Response Status Code" owner="validations">
<arg>200</arg>
<arg>${result.status_code}</arg>
<status status="PASS" start="2026-03-24T08:32:11.011995" elapsed="0.000000"/>
</kw>
<status status="PASS" start="2026-03-24T08:32:11.011995" elapsed="0.000000"/>
</kw>
<kw name="And add pet response should contain correct" owner="add_pet_steps">
<kw name="get context value" owner="common">
<kw name="Dictionary Should Contain Key" owner="Collections">
<arg>${CTX}</arg>
<arg>${key}</arg>
<doc>Fails if ``key`` is not found from ``dictionary``.</doc>
<status status="PASS" start="2026-03-24T08:32:11.011995" elapsed="0.006201"/>
</kw>
<kw name="Get From Dictionary" owner="Collections">
<msg time="2026-03-24T08:32:11.018196" level="INFO">${value} = &lt;Response [200]&gt;</msg>
<var>${value}</var>
<arg>${CTX}</arg>
<arg>${key}</arg>
<doc>Returns a value from the given ``dictionary`` based on the given ``key``.</doc>
<status status="PASS" start="2026-03-24T08:32:11.018196" elapsed="0.000000"/>
</kw>
<return>
<value>${value}</value>
<status status="PASS" start="2026-03-24T08:32:11.018196" elapsed="0.000000"/>
</return>
<msg time="2026-03-24T08:32:11.018196" level="INFO">${result} = &lt;Response [200]&gt;</msg>
<var>${result}</var>
<arg>add_pet_result</arg>
<status status="PASS" start="2026-03-24T08:32:11.011995" elapsed="0.006201"/>
</kw>
<kw name="get context value" owner="common">
<kw name="Dictionary Should Contain Key" owner="Collections">
<arg>${CTX}</arg>
<arg>${key}</arg>
<doc>Fails if ``key`` is not found from ``dictionary``.</doc>
<status status="PASS" start="2026-03-24T08:32:11.018196" elapsed="0.000000"/>
</kw>
<kw name="Get From Dictionary" owner="Collections">
<msg time="2026-03-24T08:32:11.020208" level="INFO">${value} = 360</msg>
<var>${value}</var>
<arg>${CTX}</arg>
<arg>${key}</arg>
<doc>Returns a value from the given ``dictionary`` based on the given ``key``.</doc>
<status status="PASS" start="2026-03-24T08:32:11.018196" elapsed="0.002012"/>
</kw>
<return>
<value>${value}</value>
<status status="PASS" start="2026-03-24T08:32:11.020208" elapsed="0.000000"/>
</return>
<msg time="2026-03-24T08:32:11.020208" level="INFO">${expected_value} = 360</msg>
<var>${expected_value}</var>
<arg>pet_${key}</arg>
<status status="PASS" start="2026-03-24T08:32:11.018196" elapsed="0.002012"/>
</kw>
<kw name="Evaluate" owner="BuiltIn">
<msg time="2026-03-24T08:32:11.020208" level="INFO">${response_body} = {'id': 360, 'category': {'id': 0, 'name': 'dog'}, 'name': 'Melissa', 'photoUrls': ['string'], 'tags': [{'id': 0, 'name': 'string'}], 'status': 'available'}</msg>
<var>${response_body}</var>
<arg>$result.json()</arg>
<doc>Evaluates the given expression in Python and returns the result.</doc>
<status status="PASS" start="2026-03-24T08:32:11.020208" elapsed="0.000000"/>
</kw>
<kw name="Validate Response Body" owner="validations">
<arg>${response_body}</arg>
<arg>${key}</arg>
<arg>${expected_value}</arg>
<status status="PASS" start="2026-03-24T08:32:11.020208" elapsed="0.000000"/>
</kw>
<arg>id</arg>
<status status="PASS" start="2026-03-24T08:32:11.011995" elapsed="0.010224"/>
</kw>
<kw name="And add pet response should contain correct" owner="add_pet_steps">
<kw name="get context value" owner="common">
<kw name="Dictionary Should Contain Key" owner="Collections">
<arg>${CTX}</arg>
<arg>${key}</arg>
<doc>Fails if ``key`` is not found from ``dictionary``.</doc>
<status status="PASS" start="2026-03-24T08:32:11.022219" elapsed="0.000000"/>
</kw>
<kw name="Get From Dictionary" owner="Collections">
<msg time="2026-03-24T08:32:11.024236" level="INFO">${value} = &lt;Response [200]&gt;</msg>
<var>${value}</var>
<arg>${CTX}</arg>
<arg>${key}</arg>
<doc>Returns a value from the given ``dictionary`` based on the given ``key``.</doc>
<status status="PASS" start="2026-03-24T08:32:11.022219" elapsed="0.002017"/>
</kw>
<return>
<value>${value}</value>
<status status="PASS" start="2026-03-24T08:32:11.024236" elapsed="0.000000"/>
</return>
<msg time="2026-03-24T08:32:11.024236" level="INFO">${result} = &lt;Response [200]&gt;</msg>
<var>${result}</var>
<arg>add_pet_result</arg>
<status status="PASS" start="2026-03-24T08:32:11.022219" elapsed="0.002017"/>
</kw>
<kw name="get context value" owner="common">
<kw name="Dictionary Should Contain Key" owner="Collections">
<arg>${CTX}</arg>
<arg>${key}</arg>
<doc>Fails if ``key`` is not found from ``dictionary``.</doc>
<status status="PASS" start="2026-03-24T08:32:11.026245" elapsed="0.000000"/>
</kw>
<kw name="Get From Dictionary" owner="Collections">
<msg time="2026-03-24T08:32:11.027255" level="INFO">${value} = Melissa</msg>
<var>${value}</var>
<arg>${CTX}</arg>
<arg>${key}</arg>
<doc>Returns a value from the given ``dictionary`` based on the given ``key``.</doc>
<status status="PASS" start="2026-03-24T08:32:11.026245" elapsed="0.001010"/>
</kw>
<return>
<value>${value}</value>
<status status="PASS" start="2026-03-24T08:32:11.027255" elapsed="0.000000"/>
</return>
<msg time="2026-03-24T08:32:11.027255" level="INFO">${expected_value} = Melissa</msg>
<var>${expected_value}</var>
<arg>pet_${key}</arg>
<status status="PASS" start="2026-03-24T08:32:11.024236" elapsed="0.003019"/>
</kw>
<kw name="Evaluate" owner="BuiltIn">
<msg time="2026-03-24T08:32:11.027255" level="INFO">${response_body} = {'id': 360, 'category': {'id': 0, 'name': 'dog'}, 'name': 'Melissa', 'photoUrls': ['string'], 'tags': [{'id': 0, 'name': 'string'}], 'status': 'available'}</msg>
<var>${response_body}</var>
<arg>$result.json()</arg>
<doc>Evaluates the given expression in Python and returns the result.</doc>
<status status="PASS" start="2026-03-24T08:32:11.027255" elapsed="0.000000"/>
</kw>
<kw name="Validate Response Body" owner="validations">
<arg>${response_body}</arg>
<arg>${key}</arg>
<arg>${expected_value}</arg>
<status status="PASS" start="2026-03-24T08:32:11.027255" elapsed="0.002012"/>
</kw>
<arg>name</arg>
<status status="PASS" start="2026-03-24T08:32:11.022219" elapsed="0.007048"/>
</kw>
<tag>add_pet</tag>
<status status="PASS" start="2026-03-24T08:32:08.197420" elapsed="2.831847"/>
</test>
<status status="PASS" start="2026-03-24T08:32:07.591152" elapsed="3.438115"/>
</suite>
<suite id="s1-s2" name="Delete Pet Tests" source="C:\Ryan\Work\Projects\Github\API_Testing\tests\delete_pet_tests.robot">
<test id="s1-s2-t1" name="Delete record of an existing pet" line="11">
<kw name="create test context" owner="common" type="SETUP">
<kw name="Create Dictionary" owner="BuiltIn">
<msg time="2026-03-24T08:32:11.064731" level="INFO">${ctx} = {}</msg>
<var>${ctx}</var>
<doc>Creates and returns a dictionary based on the given ``items``.</doc>
<status status="PASS" start="2026-03-24T08:32:11.064731" elapsed="0.000000"/>
</kw>
<kw name="Set Test Variable" owner="BuiltIn">
<msg time="2026-03-24T08:32:11.064731" level="INFO">${CTX} = {}</msg>
<arg>${CTX}</arg>
<arg>${ctx}</arg>
<doc>Makes a variable available everywhere within the scope of the current test.</doc>
<status status="PASS" start="2026-03-24T08:32:11.064731" elapsed="0.000000"/>
</kw>
<status status="PASS" start="2026-03-24T08:32:11.064731" elapsed="0.000000"/>
</kw>
<kw name="Given an existing pet record" owner="add_pet_steps">
<kw name="add pet request is sent" owner="add_pet_steps">
<kw name="Set Variable" owner="BuiltIn">
<msg time="2026-03-24T08:32:11.064731" level="INFO">${url} = https://petstore.swagger.io/v2/pet</msg>
<var>${url}</var>
<arg>${base_url}${add_pet_path}</arg>
<doc>Returns the given values which can then be assigned to a variables.</doc>
<status status="PASS" start="2026-03-24T08:32:11.064731" elapsed="0.000000"/>
</kw>
<kw name="Submit Add Pet Request" owner="add_pet">
<msg time="2026-03-24T08:32:12.641603" level="INFO">${result} = &lt;Response [200]&gt;</msg>
<msg time="2026-03-24T08:32:12.641603" level="INFO">${pet_id} = 338</msg>
<msg time="2026-03-24T08:32:12.641603" level="INFO">${pet_name} = Dennis</msg>
<var>${result}</var>
<var>${pet_id}</var>
<var>${pet_name}</var>
<arg>${url}</arg>
<status status="PASS" start="2026-03-24T08:32:11.064731" elapsed="1.576872"/>
</kw>
<kw name="set context value" owner="common">
<kw name="Set To Dictionary" owner="Collections">
<arg>${CTX}</arg>
<arg>${key}=${value}</arg>
<doc>Adds the given ``key_value_pairs`` and/or ``items`` to the ``dictionary``.</doc>
<status status="PASS" start="2026-03-24T08:32:12.643430" elapsed="0.000000"/>
</kw>
<arg>add_pet_result</arg>
<arg>${result}</arg>
<status status="PASS" start="2026-03-24T08:32:12.642957" elapsed="0.000473"/>
</kw>
<if>
<branch type="IF" condition="'${result.status_code}' == '200'">
<kw name="set context value" owner="common">
<kw name="Set To Dictionary" owner="Collections">
<arg>${CTX}</arg>
<arg>${key}=${value}</arg>
<doc>Adds the given ``key_value_pairs`` and/or ``items`` to the ``dictionary``.</doc>
<status status="PASS" start="2026-03-24T08:32:12.645446" elapsed="0.002012"/>
</kw>
<arg>pet_id</arg>
<arg>${pet_id}</arg>
<status status="PASS" start="2026-03-24T08:32:12.645446" elapsed="0.002012"/>
</kw>
<kw name="set context value" owner="common">
<kw name="Set To Dictionary" owner="Collections">
<arg>${CTX}</arg>
<arg>${key}=${value}</arg>
<doc>Adds the given ``key_value_pairs`` and/or ``items`` to the ``dictionary``.</doc>
<status status="PASS" start="2026-03-24T08:32:12.647458" elapsed="0.002012"/>
</kw>
<arg>pet_name</arg>
<arg>${pet_name}</arg>
<status status="PASS" start="2026-03-24T08:32:12.647458" elapsed="0.002012"/>
</kw>
<status status="PASS" start="2026-03-24T08:32:12.643430" elapsed="0.006040"/>
</branch>
<status status="PASS" start="2026-03-24T08:32:12.643430" elapsed="0.006040"/>
</if>
<status status="PASS" start="2026-03-24T08:32:11.064731" elapsed="1.584739"/>
</kw>
<status status="PASS" start="2026-03-24T08:32:11.064731" elapsed="1.584739"/>
</kw>
<kw name="When delete pet request is submitted" owner="delete_pet_steps">
<kw name="get context value" owner="common">
<kw name="Dictionary Should Contain Key" owner="Collections">
<arg>${CTX}</arg>
<arg>${key}</arg>
<doc>Fails if ``key`` is not found from ``dictionary``.</doc>
<status status="PASS" start="2026-03-24T08:32:12.651488" elapsed="0.000000"/>
</kw>
<kw name="Get From Dictionary" owner="Collections">
<msg time="2026-03-24T08:32:12.651488" level="INFO">${value} = 338</msg>
<var>${value}</var>
<arg>${CTX}</arg>
<arg>${key}</arg>
<doc>Returns a value from the given ``dictionary`` based on the given ``key``.</doc>
<status status="PASS" start="2026-03-24T08:32:12.651488" elapsed="0.000000"/>
</kw>
<return>
<value>${value}</value>
<status status="PASS" start="2026-03-24T08:32:12.651488" elapsed="0.000000"/>
</return>
<msg time="2026-03-24T08:32:12.651488" level="INFO">${pet_id} = 338</msg>
<var>${pet_id}</var>
<arg>pet_id</arg>
<status status="PASS" start="2026-03-24T08:32:12.651488" elapsed="0.000000"/>
</kw>
<kw name="Delete Pet By Id" owner="delete_pet">
<msg time="2026-03-24T08:32:14.175548" level="INFO">${result} = &lt;Response [200]&gt;</msg>
<var>${result}</var>
<arg>${base_url}</arg>
<arg>${delete_pet_by_id_path}</arg>
<arg>${pet_id}</arg>
<arg>${api_key}</arg>
<status status="PASS" start="2026-03-24T08:32:12.651488" elapsed="1.526725"/>
</kw>
<kw name="set context value" owner="common">
<kw name="Set To Dictionary" owner="Collections">
<arg>${CTX}</arg>
<arg>${key}=${value}</arg>
<doc>Adds the given ``key_value_pairs`` and/or ``items`` to the ``dictionary``.</doc>
<status status="PASS" start="2026-03-24T08:32:14.178213" elapsed="0.002016"/>
</kw>
<arg>delete_pet_result</arg>
<arg>${result}</arg>
<status status="PASS" start="2026-03-24T08:32:14.178213" elapsed="0.002016"/>
</kw>
<status status="PASS" start="2026-03-24T08:32:12.649470" elapsed="1.530759"/>
</kw>
<kw name="Then delete pet response is successful" owner="delete_pet_steps">
<kw name="get context value" owner="common">
<kw name="Dictionary Should Contain Key" owner="Collections">
<arg>${CTX}</arg>
<arg>${key}</arg>
<doc>Fails if ``key`` is not found from ``dictionary``.</doc>
<status status="PASS" start="2026-03-24T08:32:14.180229" elapsed="0.000000"/>
</kw>
<kw name="Get From Dictionary" owner="Collections">
<msg time="2026-03-24T08:32:14.182624" level="INFO">${value} = &lt;Response [200]&gt;</msg>
<var>${value}</var>
<arg>${CTX}</arg>
<arg>${key}</arg>
<doc>Returns a value from the given ``dictionary`` based on the given ``key``.</doc>
<status status="PASS" start="2026-03-24T08:32:14.180229" elapsed="0.002395"/>
</kw>
<return>
<value>${value}</value>
<status status="PASS" start="2026-03-24T08:32:14.182624" elapsed="0.000000"/>
</return>
<msg time="2026-03-24T08:32:14.182624" level="INFO">${result} = &lt;Response [200]&gt;</msg>
<var>${result}</var>
<arg>delete_pet_result</arg>
<status status="PASS" start="2026-03-24T08:32:14.180229" elapsed="0.002395"/>
</kw>
<kw name="Validate Response Status Code" owner="validations">
<arg>200</arg>
<arg>${result.status_code}</arg>
<status status="PASS" start="2026-03-24T08:32:14.182624" elapsed="0.000000"/>
</kw>
<status status="PASS" start="2026-03-24T08:32:14.180229" elapsed="0.002395"/>
</kw>
<kw name="And delete pet response should contain" owner="delete_pet_steps">
<kw name="get context value" owner="common">
<kw name="Dictionary Should Contain Key" owner="Collections">
<arg>${CTX}</arg>
<arg>${key}</arg>
<doc>Fails if ``key`` is not found from ``dictionary``.</doc>
<status status="PASS" start="2026-03-24T08:32:14.182624" elapsed="0.000000"/>
</kw>
<kw name="Get From Dictionary" owner="Collections">
<msg time="2026-03-24T08:32:14.186361" level="INFO">${value} = &lt;Response [200]&gt;</msg>
<var>${value}</var>
<arg>${CTX}</arg>
<arg>${key}</arg>
<doc>Returns a value from the given ``dictionary`` based on the given ``key``.</doc>
<status status="PASS" start="2026-03-24T08:32:14.182624" elapsed="0.003737"/>
</kw>
<return>
<value>${value}</value>
<status status="PASS" start="2026-03-24T08:32:14.186361" elapsed="0.000000"/>
</return>
<msg time="2026-03-24T08:32:14.186361" level="INFO">${result} = &lt;Response [200]&gt;</msg>
<var>${result}</var>
<arg>delete_pet_result</arg>
<status status="PASS" start="2026-03-24T08:32:14.182624" elapsed="0.003737"/>
</kw>
<kw name="get context value" owner="common">
<kw name="Dictionary Should Contain Key" owner="Collections">
<arg>${CTX}</arg>
<arg>${key}</arg>
<doc>Fails if ``key`` is not found from ``dictionary``.</doc>
<status status="PASS" start="2026-03-24T08:32:14.186361" elapsed="0.000000"/>
</kw>
<kw name="Get From Dictionary" owner="Collections">
<msg time="2026-03-24T08:32:14.186361" level="INFO">${value} = 338</msg>
<var>${value}</var>
<arg>${CTX}</arg>
<arg>${key}</arg>
<doc>Returns a value from the given ``dictionary`` based on the given ``key``.</doc>
<status status="PASS" start="2026-03-24T08:32:14.186361" elapsed="0.000000"/>
</kw>
<return>
<value>${value}</value>
<status status="PASS" start="2026-03-24T08:32:14.186361" elapsed="0.000000"/>
</return>
<msg time="2026-03-24T08:32:14.186361" level="INFO">${expected_value} = 338</msg>
<var>${expected_value}</var>
<arg>pet_${key}</arg>
<status status="PASS" start="2026-03-24T08:32:14.186361" elapsed="0.002010"/>
</kw>
<kw name="Convert To String" owner="BuiltIn">
<msg time="2026-03-24T08:32:14.188371" level="INFO">${expected_value} = 338</msg>
<var>${expected_value}</var>
<arg>${expected_value}</arg>
<doc>Converts the given item to a Unicode string.</doc>
<status status="PASS" start="2026-03-24T08:32:14.188371" elapsed="0.000000"/>
</kw>
<kw name="Evaluate" owner="BuiltIn">
<msg time="2026-03-24T08:32:14.188371" level="INFO">${response_body} = {'code': 200, 'type': 'unknown', 'message': '338'}</msg>
<var>${response_body}</var>
<arg>$result.json()</arg>
<doc>Evaluates the given expression in Python and returns the result.</doc>
<status status="PASS" start="2026-03-24T08:32:14.188371" elapsed="0.000000"/>
</kw>
<kw name="Validate Response Body" owner="validations">
<arg>${response_body}</arg>
<arg>message</arg>
<arg>${expected_value}</arg>
<status status="PASS" start="2026-03-24T08:32:14.188371" elapsed="0.000000"/>
</kw>
<arg>id</arg>
<status status="PASS" start="2026-03-24T08:32:14.182624" elapsed="0.005747"/>
</kw>
<tag>delete_pet</tag>
<status status="PASS" start="2026-03-24T08:32:11.064731" elapsed="3.123640"/>
</test>
<test id="s1-s2-t2" name="Delete record of a non existing pet" line="19">
<kw name="create test context" owner="common" type="SETUP">
<kw name="Create Dictionary" owner="BuiltIn">
<msg time="2026-03-24T08:32:14.188371" level="INFO">${ctx} = {}</msg>
<var>${ctx}</var>
<doc>Creates and returns a dictionary based on the given ``items``.</doc>
<status status="PASS" start="2026-03-24T08:32:14.188371" elapsed="0.000000"/>
</kw>
<kw name="Set Test Variable" owner="BuiltIn">
<msg time="2026-03-24T08:32:14.188371" level="INFO">${CTX} = {}</msg>
<arg>${CTX}</arg>
<arg>${ctx}</arg>
<doc>Makes a variable available everywhere within the scope of the current test.</doc>
<status status="PASS" start="2026-03-24T08:32:14.188371" elapsed="0.000000"/>
</kw>
<status status="PASS" start="2026-03-24T08:32:14.188371" elapsed="0.000000"/>
</kw>
<kw name="Given a non-existing pet" owner="add_pet_steps">
<kw name="Generate Random Integer" owner="add_pet">
<msg time="2026-03-24T08:32:14.188371" level="INFO">${pet_id} = 7</msg>
<var>${pet_id}</var>
<status status="PASS" start="2026-03-24T08:32:14.188371" elapsed="0.007989"/>
</kw>
<kw name="set context value" owner="common">
<kw name="Set To Dictionary" owner="Collections">
<arg>${CTX}</arg>
<arg>${key}=${value}</arg>
<doc>Adds the given ``key_value_pairs`` and/or ``items`` to the ``dictionary``.</doc>
<status status="PASS" start="2026-03-24T08:32:14.196360" elapsed="0.000000"/>
</kw>
<arg>pet_id</arg>
<arg>${pet_id}</arg>
<status status="PASS" start="2026-03-24T08:32:14.196360" elapsed="0.000000"/>
</kw>
<status status="PASS" start="2026-03-24T08:32:14.188371" elapsed="0.007989"/>
</kw>
<kw name="When delete pet request is submitted" owner="delete_pet_steps">
<kw name="get context value" owner="common">
<kw name="Dictionary Should Contain Key" owner="Collections">
<arg>${CTX}</arg>
<arg>${key}</arg>
<doc>Fails if ``key`` is not found from ``dictionary``.</doc>
<status status="PASS" start="2026-03-24T08:32:14.198370" elapsed="0.000000"/>
</kw>
<kw name="Get From Dictionary" owner="Collections">
<msg time="2026-03-24T08:32:14.198370" level="INFO">${value} = 7</msg>
<var>${value}</var>
<arg>${CTX}</arg>
<arg>${key}</arg>
<doc>Returns a value from the given ``dictionary`` based on the given ``key``.</doc>
<status status="PASS" start="2026-03-24T08:32:14.198370" elapsed="0.000000"/>
</kw>
<return>
<value>${value}</value>
<status status="PASS" start="2026-03-24T08:32:14.198370" elapsed="0.000000"/>
</return>
<msg time="2026-03-24T08:32:14.198370" level="INFO">${pet_id} = 7</msg>
<var>${pet_id}</var>
<arg>pet_id</arg>
<status status="PASS" start="2026-03-24T08:32:14.198370" elapsed="0.000000"/>
</kw>
<kw name="Delete Pet By Id" owner="delete_pet">
<msg time="2026-03-24T08:32:15.918113" level="INFO">${result} = &lt;Response [404]&gt;</msg>
<var>${result}</var>
<arg>${base_url}</arg>
<arg>${delete_pet_by_id_path}</arg>
<arg>${pet_id}</arg>
<arg>${api_key}</arg>
<status status="PASS" start="2026-03-24T08:32:14.200379" elapsed="1.717734"/>
</kw>
<kw name="set context value" owner="common">
<kw name="Set To Dictionary" owner="Collections">
<arg>${CTX}</arg>
<arg>${key}=${value}</arg>
<doc>Adds the given ``key_value_pairs`` and/or ``items`` to the ``dictionary``.</doc>
<status status="PASS" start="2026-03-24T08:32:15.919136" elapsed="0.000000"/>
</kw>
<arg>delete_pet_result</arg>
<arg>${result}</arg>
<status status="PASS" start="2026-03-24T08:32:15.919136" elapsed="0.000000"/>
</kw>
<status status="PASS" start="2026-03-24T08:32:14.198370" elapsed="1.720766"/>
</kw>
<kw name="Then delete pet response should be error" owner="delete_pet_steps">
<kw name="get context value" owner="common">
<kw name="Dictionary Should Contain Key" owner="Collections">
<arg>${CTX}</arg>
<arg>${key}</arg>
<doc>Fails if ``key`` is not found from ``dictionary``.</doc>
<status status="PASS" start="2026-03-24T08:32:15.919136" elapsed="0.003288"/>
</kw>
<kw name="Get From Dictionary" owner="Collections">
<msg time="2026-03-24T08:32:15.922424" level="INFO">${value} = &lt;Response [404]&gt;</msg>
<var>${value}</var>
<arg>${CTX}</arg>
<arg>${key}</arg>
<doc>Returns a value from the given ``dictionary`` based on the given ``key``.</doc>
<status status="PASS" start="2026-03-24T08:32:15.922424" elapsed="0.000000"/>
</kw>
<return>
<value>${value}</value>
<status status="PASS" start="2026-03-24T08:32:15.922424" elapsed="0.000000"/>
</return>
<msg time="2026-03-24T08:32:15.922424" level="INFO">${result} = &lt;Response [404]&gt;</msg>
<var>${result}</var>
<arg>delete_pet_result</arg>
<status status="PASS" start="2026-03-24T08:32:15.919136" elapsed="0.003288"/>
</kw>
<kw name="Validate Response Status Code" owner="validations">
<arg>404</arg>
<arg>${result.status_code}</arg>
<status status="PASS" start="2026-03-24T08:32:15.922424" elapsed="0.002354"/>
</kw>
<status status="PASS" start="2026-03-24T08:32:15.919136" elapsed="0.005642"/>
</kw>
<tag>delete_pet</tag>
<tag>error_test</tag>
<status status="PASS" start="2026-03-24T08:32:14.188371" elapsed="1.736407"/>
</test>
<status status="PASS" start="2026-03-24T08:32:11.033765" elapsed="4.891013"/>
</suite>
<suite id="s1-s3" name="Get Pet Tests" source="C:\Ryan\Work\Projects\Github\API_Testing\tests\get_pet_tests.robot">
<test id="s1-s3-t1" name="Get pet record by id" line="11">
<kw name="create test context" owner="common" type="SETUP">
<kw name="Create Dictionary" owner="BuiltIn">
<msg time="2026-03-24T08:32:15.955620" level="INFO">${ctx} = {}</msg>
<var>${ctx}</var>
<doc>Creates and returns a dictionary based on the given ``items``.</doc>
<status status="PASS" start="2026-03-24T08:32:15.955620" elapsed="0.000000"/>
</kw>
<kw name="Set Test Variable" owner="BuiltIn">
<msg time="2026-03-24T08:32:15.955620" level="INFO">${CTX} = {}</msg>
<arg>${CTX}</arg>
<arg>${ctx}</arg>
<doc>Makes a variable available everywhere within the scope of the current test.</doc>
<status status="PASS" start="2026-03-24T08:32:15.955620" elapsed="0.000000"/>
</kw>
<status status="PASS" start="2026-03-24T08:32:15.955620" elapsed="0.000000"/>
</kw>
<kw name="Given an existing pet record" owner="add_pet_steps">
<kw name="add pet request is sent" owner="add_pet_steps">
<kw name="Set Variable" owner="BuiltIn">
<msg time="2026-03-24T08:32:15.955620" level="INFO">${url} = https://petstore.swagger.io/v2/pet</msg>
<var>${url}</var>
<arg>${base_url}${add_pet_path}</arg>
<doc>Returns the given values which can then be assigned to a variables.</doc>
<status status="PASS" start="2026-03-24T08:32:15.955620" elapsed="0.000000"/>
</kw>
<kw name="Submit Add Pet Request" owner="add_pet">
<msg time="2026-03-24T08:32:17.342219" level="INFO">${result} = &lt;Response [200]&gt;</msg>
<msg time="2026-03-24T08:32:17.342219" level="INFO">${pet_id} = 510</msg>
<msg time="2026-03-24T08:32:17.342219" level="INFO">${pet_name} = Danielle</msg>
<var>${result}</var>
<var>${pet_id}</var>
<var>${pet_name}</var>
<arg>${url}</arg>
<status status="PASS" start="2026-03-24T08:32:15.955620" elapsed="1.386599"/>
</kw>
<kw name="set context value" owner="common">
<kw name="Set To Dictionary" owner="Collections">
<arg>${CTX}</arg>
<arg>${key}=${value}</arg>
<doc>Adds the given ``key_value_pairs`` and/or ``items`` to the ``dictionary``.</doc>
<status status="PASS" start="2026-03-24T08:32:17.342219" elapsed="0.000000"/>
</kw>
<arg>add_pet_result</arg>
<arg>${result}</arg>
<status status="PASS" start="2026-03-24T08:32:17.342219" elapsed="0.000000"/>
</kw>
<if>
<branch type="IF" condition="'${result.status_code}' == '200'">
<kw name="set context value" owner="common">
<kw name="Set To Dictionary" owner="Collections">
<arg>${CTX}</arg>
<arg>${key}=${value}</arg>
<doc>Adds the given ``key_value_pairs`` and/or ``items`` to the ``dictionary``.</doc>
<status status="PASS" start="2026-03-24T08:32:17.342219" elapsed="0.000000"/>
</kw>
<arg>pet_id</arg>
<arg>${pet_id}</arg>
<status status="PASS" start="2026-03-24T08:32:17.342219" elapsed="0.000000"/>
</kw>
<kw name="set context value" owner="common">
<kw name="Set To Dictionary" owner="Collections">
<arg>${CTX}</arg>
<arg>${key}=${value}</arg>
<doc>Adds the given ``key_value_pairs`` and/or ``items`` to the ``dictionary``.</doc>
<status status="PASS" start="2026-03-24T08:32:17.342219" elapsed="0.000000"/>
</kw>
<arg>pet_name</arg>
<arg>${pet_name}</arg>
<status status="PASS" start="2026-03-24T08:32:17.342219" elapsed="0.000000"/>
</kw>
<status status="PASS" start="2026-03-24T08:32:17.342219" elapsed="0.000000"/>
</branch>
<status status="PASS" start="2026-03-24T08:32:17.342219" elapsed="0.000000"/>
</if>
<status status="PASS" start="2026-03-24T08:32:15.955620" elapsed="1.386599"/>
</kw>
<status status="PASS" start="2026-03-24T08:32:15.955620" elapsed="1.386599"/>
</kw>
<kw name="When get pet by id request is sent" owner="get_pet_steps">
<kw name="get context value" owner="common">
<kw name="Dictionary Should Contain Key" owner="Collections">
<arg>${CTX}</arg>
<arg>${key}</arg>
<doc>Fails if ``key`` is not found from ``dictionary``.</doc>
<status status="PASS" start="2026-03-24T08:32:17.357889" elapsed="0.000000"/>
</kw>
<kw name="Get From Dictionary" owner="Collections">
<msg time="2026-03-24T08:32:17.357889" level="INFO">${value} = 510</msg>
<var>${value}</var>
<arg>${CTX}</arg>
<arg>${key}</arg>
<doc>Returns a value from the given ``dictionary`` based on the given ``key``.</doc>
<status status="PASS" start="2026-03-24T08:32:17.357889" elapsed="0.000000"/>
</kw>
<return>
<value>${value}</value>
<status status="PASS" start="2026-03-24T08:32:17.357889" elapsed="0.000000"/>
</return>
<msg time="2026-03-24T08:32:17.357889" level="INFO">${pet_id} = 510</msg>
<var>${pet_id}</var>
<arg>pet_id</arg>
<status status="PASS" start="2026-03-24T08:32:17.357889" elapsed="0.000000"/>
</kw>
<kw name="Set Variable" owner="BuiltIn">
<msg time="2026-03-24T08:32:17.357889" level="INFO">${url} = https://petstore.swagger.io/v2/pet/{pet_id}</msg>
<var>${url}</var>
<arg>${base_url}${get_pet_by_id_path}</arg>
<doc>Returns the given values which can then be assigned to a variables.</doc>
<status status="PASS" start="2026-03-24T08:32:17.357889" elapsed="0.000000"/>
</kw>
<kw name="Get Pet By Id" owner="get_pet">
<msg time="2026-03-24T08:32:18.948403" level="INFO">${result} = &lt;Response [200]&gt;</msg>
<var>${result}</var>
<arg>${url}</arg>
<arg>${pet_id}</arg>
<status status="PASS" start="2026-03-24T08:32:17.357889" elapsed="1.601159"/>
</kw>
<kw name="set context value" owner="common">
<kw name="Set To Dictionary" owner="Collections">
<arg>${CTX}</arg>
<arg>${key}=${value}</arg>
<doc>Adds the given ``key_value_pairs`` and/or ``items`` to the ``dictionary``.</doc>
<status status="PASS" start="2026-03-24T08:32:18.959048" elapsed="0.000000"/>
</kw>
<arg>get_pet_response</arg>
<arg>${result}</arg>
<status status="PASS" start="2026-03-24T08:32:18.959048" elapsed="0.000000"/>
</kw>
<if>
<branch type="IF" condition="'${result.status_code}' == '200'">
<kw name="Evaluate" owner="BuiltIn">
<msg time="2026-03-24T08:32:18.961064" level="INFO">${response_body} = {'id': 510, 'category': {'id': 0, 'name': 'dog'}, 'name': 'Danielle', 'photoUrls': ['string'], 'tags': [{'id': 0, 'name': 'string'}], 'status': 'available'}</msg>
<var>${response_body}</var>
<arg>$result.json()</arg>
<doc>Evaluates the given expression in Python and returns the result.</doc>
<status status="PASS" start="2026-03-24T08:32:18.961064" elapsed="0.000000"/>
</kw>
<kw name="set context value" owner="common">
<kw name="Set To Dictionary" owner="Collections">
<arg>${CTX}</arg>
<arg>${key}=${value}</arg>
<doc>Adds the given ``key_value_pairs`` and/or ``items`` to the ``dictionary``.</doc>
<status status="PASS" start="2026-03-24T08:32:18.963077" elapsed="0.000000"/>
</kw>
<arg>get_pet_id</arg>
<arg>${response_body}[id]</arg>
<status status="PASS" start="2026-03-24T08:32:18.961064" elapsed="0.002013"/>
</kw>
<kw name="set context value" owner="common">
<kw name="Set To Dictionary" owner="Collections">
<arg>${CTX}</arg>
<arg>${key}=${value}</arg>
<doc>Adds the given ``key_value_pairs`` and/or ``items`` to the ``dictionary``.</doc>
<status status="PASS" start="2026-03-24T08:32:18.965087" elapsed="0.000000"/>
</kw>
<arg>get_pet_name</arg>
<arg>${response_body}[name]</arg>
<status status="PASS" start="2026-03-24T08:32:18.964091" elapsed="0.000996"/>
</kw>
<status status="PASS" start="2026-03-24T08:32:18.959048" elapsed="0.006039"/>
</branch>
<status status="PASS" start="2026-03-24T08:32:18.959048" elapsed="0.006039"/>
</if>
<status status="PASS" start="2026-03-24T08:32:17.356882" elapsed="1.608205"/>
</kw>
<kw name="Then get pet by id response is successful" owner="get_pet_steps">
<kw name="get context value" owner="common">
<kw name="Dictionary Should Contain Key" owner="Collections">
<arg>${CTX}</arg>
<arg>${key}</arg>
<doc>Fails if ``key`` is not found from ``dictionary``.</doc>
<status status="PASS" start="2026-03-24T08:32:18.967099" elapsed="0.000000"/>
</kw>
<kw name="Get From Dictionary" owner="Collections">
<msg time="2026-03-24T08:32:18.967099" level="INFO">${value} = &lt;Response [200]&gt;</msg>
<var>${value}</var>
<arg>${CTX}</arg>
<arg>${key}</arg>
<doc>Returns a value from the given ``dictionary`` based on the given ``key``.</doc>
<status status="PASS" start="2026-03-24T08:32:18.967099" elapsed="0.000000"/>
</kw>
<return>
<value>${value}</value>
<status status="PASS" start="2026-03-24T08:32:18.967099" elapsed="0.000000"/>
</return>
<msg time="2026-03-24T08:32:18.967099" level="INFO">${result} = &lt;Response [200]&gt;</msg>
<var>${result}</var>
<arg>get_pet_response</arg>
<status status="PASS" start="2026-03-24T08:32:18.967099" elapsed="0.000000"/>
</kw>
<kw name="Validate Response Status Code" owner="validations">
<arg>200</arg>
<arg>${result.status_code}</arg>
<status status="PASS" start="2026-03-24T08:32:18.969110" elapsed="0.000000"/>
</kw>
<status status="PASS" start="2026-03-24T08:32:18.967099" elapsed="0.002011"/>
</kw>
<kw name="And get pet response should contain the correct" owner="get_pet_steps">
<kw name="get context value" owner="common">
<kw name="Dictionary Should Contain Key" owner="Collections">
<arg>${CTX}</arg>
<arg>${key}</arg>
<doc>Fails if ``key`` is not found from ``dictionary``.</doc>
<status status="PASS" start="2026-03-24T08:32:18.969110" elapsed="0.000000"/>
</kw>
<kw name="Get From Dictionary" owner="Collections">
<msg time="2026-03-24T08:32:18.972297" level="INFO">${value} = &lt;Response [200]&gt;</msg>
<var>${value}</var>
<arg>${CTX}</arg>
<arg>${key}</arg>
<doc>Returns a value from the given ``dictionary`` based on the given ``key``.</doc>
<status status="PASS" start="2026-03-24T08:32:18.969110" elapsed="0.003187"/>
</kw>
<return>
<value>${value}</value>
<status status="PASS" start="2026-03-24T08:32:18.972297" elapsed="0.000000"/>
</return>
<msg time="2026-03-24T08:32:18.972297" level="INFO">${result} = &lt;Response [200]&gt;</msg>
<var>${result}</var>
<arg>get_pet_response</arg>
<status status="PASS" start="2026-03-24T08:32:18.969110" elapsed="0.003187"/>
</kw>
<kw name="Evaluate" owner="BuiltIn">
<msg time="2026-03-24T08:32:18.972297" level="INFO">${response_body} = {'id': 510, 'category': {'id': 0, 'name': 'dog'}, 'name': 'Danielle', 'photoUrls': ['string'], 'tags': [{'id': 0, 'name': 'string'}], 'status': 'available'}</msg>
<var>${response_body}</var>
<arg>$result.json()</arg>
<doc>Evaluates the given expression in Python and returns the result.</doc>
<status status="PASS" start="2026-03-24T08:32:18.972297" elapsed="0.000000"/>
</kw>
<kw name="get context value" owner="common">
<kw name="Dictionary Should Contain Key" owner="Collections">
<arg>${CTX}</arg>
<arg>${key}</arg>
<doc>Fails if ``key`` is not found from ``dictionary``.</doc>
<status status="PASS" start="2026-03-24T08:32:18.974309" elapsed="0.000000"/>
</kw>
<kw name="Get From Dictionary" owner="Collections">
<msg time="2026-03-24T08:32:18.974309" level="INFO">${value} = 510</msg>
<var>${value}</var>
<arg>${CTX}</arg>
<arg>${key}</arg>
<doc>Returns a value from the given ``dictionary`` based on the given ``key``.</doc>
<status status="PASS" start="2026-03-24T08:32:18.974309" elapsed="0.000000"/>
</kw>
<return>
<value>${value}</value>
<status status="PASS" start="2026-03-24T08:32:18.974309" elapsed="0.000000"/>
</return>
<msg time="2026-03-24T08:32:18.974309" level="INFO">${expected_value} = 510</msg>
<var>${expected_value}</var>
<arg>pet_${key}</arg>
<status status="PASS" start="2026-03-24T08:32:18.974309" elapsed="0.000000"/>
</kw>
<kw name="Validate Response Body" owner="validations">
<arg>${response_body}</arg>
<arg>${key}</arg>
<arg>${expected_value}</arg>
<status status="PASS" start="2026-03-24T08:32:18.974309" elapsed="0.000000"/>
</kw>
<arg>id</arg>
<status status="PASS" start="2026-03-24T08:32:18.969110" elapsed="0.005199"/>
</kw>
<kw name="And get pet response should contain the correct" owner="get_pet_steps">
<kw name="get context value" owner="common">
<kw name="Dictionary Should Contain Key" owner="Collections">
<arg>${CTX}</arg>
<arg>${key}</arg>
<doc>Fails if ``key`` is not found from ``dictionary``.</doc>
<status status="PASS" start="2026-03-24T08:32:18.976319" elapsed="0.000000"/>
</kw>
<kw name="Get From Dictionary" owner="Collections">
<msg time="2026-03-24T08:32:18.978236" level="INFO">${value} = &lt;Response [200]&gt;</msg>
<var>${value}</var>
<arg>${CTX}</arg>
<arg>${key}</arg>
<doc>Returns a value from the given ``dictionary`` based on the given ``key``.</doc>
<status status="PASS" start="2026-03-24T08:32:18.978236" elapsed="0.000000"/>
</kw>
<return>
<value>${value}</value>
<status status="PASS" start="2026-03-24T08:32:18.978236" elapsed="0.000000"/>
</return>
<msg time="2026-03-24T08:32:18.978236" level="INFO">${result} = &lt;Response [200]&gt;</msg>
<var>${result}</var>
<arg>get_pet_response</arg>
<status status="PASS" start="2026-03-24T08:32:18.976319" elapsed="0.001917"/>
</kw>
<kw name="Evaluate" owner="BuiltIn">
<msg time="2026-03-24T08:32:18.978236" level="INFO">${response_body} = {'id': 510, 'category': {'id': 0, 'name': 'dog'}, 'name': 'Danielle', 'photoUrls': ['string'], 'tags': [{'id': 0, 'name': 'string'}], 'status': 'available'}</msg>
<var>${response_body}</var>
<arg>$result.json()</arg>
<doc>Evaluates the given expression in Python and returns the result.</doc>
<status status="PASS" start="2026-03-24T08:32:18.978236" elapsed="0.000000"/>
</kw>
<kw name="get context value" owner="common">
<kw name="Dictionary Should Contain Key" owner="Collections">
<arg>${CTX}</arg>
<arg>${key}</arg>
<doc>Fails if ``key`` is not found from ``dictionary``.</doc>
<status status="PASS" start="2026-03-24T08:32:18.980245" elapsed="0.000000"/>
</kw>
<kw name="Get From Dictionary" owner="Collections">
<msg time="2026-03-24T08:32:18.980245" level="INFO">${value} = Danielle</msg>
<var>${value}</var>
<arg>${CTX}</arg>
<arg>${key}</arg>
<doc>Returns a value from the given ``dictionary`` based on the given ``key``.</doc>
<status status="PASS" start="2026-03-24T08:32:18.980245" elapsed="0.000000"/>
</kw>
<return>
<value>${value}</value>
<status status="PASS" start="2026-03-24T08:32:18.980245" elapsed="0.000000"/>
</return>
<msg time="2026-03-24T08:32:18.980245" level="INFO">${expected_value} = Danielle</msg>
<var>${expected_value}</var>
<arg>pet_${key}</arg>
<status status="PASS" start="2026-03-24T08:32:18.978236" elapsed="0.002009"/>
</kw>
<kw name="Validate Response Body" owner="validations">
<arg>${response_body}</arg>
<arg>${key}</arg>
<arg>${expected_value}</arg>
<status status="PASS" start="2026-03-24T08:32:18.980245" elapsed="0.000000"/>
</kw>
<arg>name</arg>
<status status="PASS" start="2026-03-24T08:32:18.976319" elapsed="0.003926"/>
</kw>
<tag>get_pet</tag>
<status status="PASS" start="2026-03-24T08:32:15.955620" elapsed="3.024625"/>
</test>
<test id="s1-s3-t2" name="Get record of a non-existing pet id" line="20">
<kw name="create test context" owner="common" type="SETUP">
<kw name="Create Dictionary" owner="BuiltIn">
<msg time="2026-03-24T08:32:18.980245" level="INFO">${ctx} = {}</msg>
<var>${ctx}</var>
<doc>Creates and returns a dictionary based on the given ``items``.</doc>
<status status="PASS" start="2026-03-24T08:32:18.980245" elapsed="0.000000"/>
</kw>
<kw name="Set Test Variable" owner="BuiltIn">
<msg time="2026-03-24T08:32:18.990543" level="INFO">${CTX} = {}</msg>
<arg>${CTX}</arg>
<arg>${ctx}</arg>
<doc>Makes a variable available everywhere within the scope of the current test.</doc>
<status status="PASS" start="2026-03-24T08:32:18.990543" elapsed="0.000000"/>
</kw>
<status status="PASS" start="2026-03-24T08:32:18.980245" elapsed="0.010298"/>
</kw>
<kw name="Given a non-existing pet" owner="add_pet_steps">
<kw name="Generate Random Integer" owner="add_pet">
<msg time="2026-03-24T08:32:18.992555" level="INFO">${pet_id} = 154</msg>
<var>${pet_id}</var>
<status status="PASS" start="2026-03-24T08:32:18.992555" elapsed="0.000000"/>
</kw>
<kw name="set context value" owner="common">
<kw name="Set To Dictionary" owner="Collections">
<arg>${CTX}</arg>
<arg>${key}=${value}</arg>
<doc>Adds the given ``key_value_pairs`` and/or ``items`` to the ``dictionary``.</doc>
<status status="PASS" start="2026-03-24T08:32:18.992555" elapsed="0.002007"/>
</kw>
<arg>pet_id</arg>
<arg>${pet_id}</arg>
<status status="PASS" start="2026-03-24T08:32:18.992555" elapsed="0.002007"/>
</kw>
<status status="PASS" start="2026-03-24T08:32:18.992555" elapsed="0.002007"/>
</kw>
<kw name="When get pet by id request is sent" owner="get_pet_steps">
<kw name="get context value" owner="common">
<kw name="Dictionary Should Contain Key" owner="Collections">
<arg>${CTX}</arg>
<arg>${key}</arg>
<doc>Fails if ``key`` is not found from ``dictionary``.</doc>
<status status="PASS" start="2026-03-24T08:32:18.996332" elapsed="0.000000"/>
</kw>
<kw name="Get From Dictionary" owner="Collections">
<msg time="2026-03-24T08:32:18.996332" level="INFO">${value} = 154</msg>
<var>${value}</var>
<arg>${CTX}</arg>
<arg>${key}</arg>
<doc>Returns a value from the given ``dictionary`` based on the given ``key``.</doc>
<status status="PASS" start="2026-03-24T08:32:18.996332" elapsed="0.000000"/>
</kw>
<return>
<value>${value}</value>
<status status="PASS" start="2026-03-24T08:32:18.996332" elapsed="0.000000"/>
</return>
<msg time="2026-03-24T08:32:18.998342" level="INFO">${pet_id} = 154</msg>
<var>${pet_id}</var>
<arg>pet_id</arg>
<status status="PASS" start="2026-03-24T08:32:18.994562" elapsed="0.003780"/>
</kw>
<kw name="Set Variable" owner="BuiltIn">
<msg time="2026-03-24T08:32:18.998342" level="INFO">${url} = https://petstore.swagger.io/v2/pet/{pet_id}</msg>
<var>${url}</var>
<arg>${base_url}${get_pet_by_id_path}</arg>
<doc>Returns the given values which can then be assigned to a variables.</doc>
<status status="PASS" start="2026-03-24T08:32:18.998342" elapsed="0.000000"/>
</kw>
<kw name="Get Pet By Id" owner="get_pet">
<msg time="2026-03-24T08:32:20.511721" level="INFO">${result} = &lt;Response [404]&gt;</msg>
<var>${result}</var>
<arg>${url}</arg>
<arg>${pet_id}</arg>
<status status="PASS" start="2026-03-24T08:32:18.998342" elapsed="1.513379"/>
</kw>
<kw name="set context value" owner="common">
<kw name="Set To Dictionary" owner="Collections">
<arg>${CTX}</arg>
<arg>${key}=${value}</arg>
<doc>Adds the given ``key_value_pairs`` and/or ``items`` to the ``dictionary``.</doc>
<status status="PASS" start="2026-03-24T08:32:20.525906" elapsed="0.001743"/>
</kw>
<arg>get_pet_response</arg>
<arg>${result}</arg>
<status status="PASS" start="2026-03-24T08:32:20.525906" elapsed="0.001743"/>
</kw>
<if>
<branch type="IF" condition="'${result.status_code}' == '200'">
<kw name="Evaluate" owner="BuiltIn">
<var>${response_body}</var>
<arg>$result.json()</arg>
<doc>Evaluates the given expression in Python and returns the result.</doc>
<status status="NOT RUN" start="2026-03-24T08:32:20.527649" elapsed="0.000000"/>
</kw>
<kw name="set context value" owner="common">
<arg>get_pet_id</arg>
<arg>${response_body}[id]</arg>
<status status="NOT RUN" start="2026-03-24T08:32:20.527649" elapsed="0.000000"/>
</kw>
<kw name="set context value" owner="common">
<arg>get_pet_name</arg>
<arg>${response_body}[name]</arg>
<status status="NOT RUN" start="2026-03-24T08:32:20.527649" elapsed="0.000000"/>
</kw>
<status status="NOT RUN" start="2026-03-24T08:32:20.527649" elapsed="0.000000"/>
</branch>
<status status="PASS" start="2026-03-24T08:32:20.527649" elapsed="0.000000"/>
</if>
<status status="PASS" start="2026-03-24T08:32:18.994562" elapsed="1.533087"/>
</kw>
<kw name="Then get pet response should be error" owner="get_pet_steps">
<kw name="get context value" owner="common">
<kw name="Dictionary Should Contain Key" owner="Collections">
<arg>${CTX}</arg>
<arg>${key}</arg>
<doc>Fails if ``key`` is not found from ``dictionary``.</doc>
<status status="PASS" start="2026-03-24T08:32:20.527649" elapsed="0.000000"/>
</kw>
<kw name="Get From Dictionary" owner="Collections">
<msg time="2026-03-24T08:32:20.527649" level="INFO">${value} = &lt;Response [404]&gt;</msg>
<var>${value}</var>
<arg>${CTX}</arg>
<arg>${key}</arg>
<doc>Returns a value from the given ``dictionary`` based on the given ``key``.</doc>
<status status="PASS" start="2026-03-24T08:32:20.527649" elapsed="0.000000"/>
</kw>
<return>
<value>${value}</value>
<status status="PASS" start="2026-03-24T08:32:20.527649" elapsed="0.000000"/>
</return>
<msg time="2026-03-24T08:32:20.527649" level="INFO">${result} = &lt;Response [404]&gt;</msg>
<var>${result}</var>
<arg>get_pet_response</arg>
<status status="PASS" start="2026-03-24T08:32:20.527649" elapsed="0.000000"/>
</kw>
<kw name="Validate Response Status Code" owner="validations">
<arg>404</arg>
<arg>${result.status_code}</arg>
<status status="PASS" start="2026-03-24T08:32:20.527649" elapsed="0.000000"/>
</kw>
<status status="PASS" start="2026-03-24T08:32:20.527649" elapsed="0.000000"/>
</kw>
<tag>error_test</tag>
<tag>get_pet</tag>
<status status="PASS" start="2026-03-24T08:32:18.980245" elapsed="1.547404"/>
</test>
<test id="s1-s3-t3" name="Get record of a delete pet record" line="27">
<kw name="create test context" owner="common" type="SETUP">
<kw name="Create Dictionary" owner="BuiltIn">
<msg time="2026-03-24T08:32:20.536211" level="INFO">${ctx} = {}</msg>
<var>${ctx}</var>
<doc>Creates and returns a dictionary based on the given ``items``.</doc>
<status status="PASS" start="2026-03-24T08:32:20.527649" elapsed="0.008562"/>
</kw>
<kw name="Set Test Variable" owner="BuiltIn">
<msg time="2026-03-24T08:32:20.536211" level="INFO">${CTX} = {}</msg>
<arg>${CTX}</arg>
<arg>${ctx}</arg>
<doc>Makes a variable available everywhere within the scope of the current test.</doc>
<status status="PASS" start="2026-03-24T08:32:20.536211" elapsed="0.000000"/>
</kw>
<status status="PASS" start="2026-03-24T08:32:20.527649" elapsed="0.008562"/>
</kw>
<kw name="Given a deleted pet record" owner="delete_pet_steps">
<kw name="an existing pet record" owner="add_pet_steps">
<kw name="add pet request is sent" owner="add_pet_steps">
<kw name="Set Variable" owner="BuiltIn">
<msg time="2026-03-24T08:32:20.539285" level="INFO">${url} = https://petstore.swagger.io/v2/pet</msg>
<var>${url}</var>
<arg>${base_url}${add_pet_path}</arg>
<doc>Returns the given values which can then be assigned to a variables.</doc>
<status status="PASS" start="2026-03-24T08:32:20.536211" elapsed="0.003074"/>
</kw>
<kw name="Submit Add Pet Request" owner="add_pet">
<msg time="2026-03-24T08:32:21.938991" level="INFO">${result} = &lt;Response [200]&gt;</msg>
<msg time="2026-03-24T08:32:21.938991" level="INFO">${pet_id} = 373</msg>
<msg time="2026-03-24T08:32:21.938991" level="INFO">${pet_name} = Andrea</msg>
<var>${result}</var>
<var>${pet_id}</var>
<var>${pet_name}</var>
<arg>${url}</arg>
<status status="PASS" start="2026-03-24T08:32:20.539285" elapsed="1.399706"/>
</kw>
<kw name="set context value" owner="common">
<kw name="Set To Dictionary" owner="Collections">
<arg>${CTX}</arg>
<arg>${key}=${value}</arg>
<doc>Adds the given ``key_value_pairs`` and/or ``items`` to the ``dictionary``.</doc>
<status status="PASS" start="2026-03-24T08:32:21.938991" elapsed="0.002010"/>
</kw>
<arg>add_pet_result</arg>
<arg>${result}</arg>
<status status="PASS" start="2026-03-24T08:32:21.938991" elapsed="0.002010"/>
</kw>
<if>
<branch type="IF" condition="'${result.status_code}' == '200'">
<kw name="set context value" owner="common">
<kw name="Set To Dictionary" owner="Collections">
<arg>${CTX}</arg>
<arg>${key}=${value}</arg>
<doc>Adds the given ``key_value_pairs`` and/or ``items`` to the ``dictionary``.</doc>
<status status="PASS" start="2026-03-24T08:32:21.941001" elapsed="0.000000"/>
</kw>
<arg>pet_id</arg>
<arg>${pet_id}</arg>
<status status="PASS" start="2026-03-24T08:32:21.941001" elapsed="0.000000"/>
</kw>
<kw name="set context value" owner="common">
<kw name="Set To Dictionary" owner="Collections">
<arg>${CTX}</arg>
<arg>${key}=${value}</arg>
<doc>Adds the given ``key_value_pairs`` and/or ``items`` to the ``dictionary``.</doc>
<status status="PASS" start="2026-03-24T08:32:21.941001" elapsed="0.000000"/>
</kw>
<arg>pet_name</arg>
<arg>${pet_name}</arg>
<status status="PASS" start="2026-03-24T08:32:21.941001" elapsed="0.000000"/>
</kw>
<status status="PASS" start="2026-03-24T08:32:21.941001" elapsed="0.000000"/>
</branch>
<status status="PASS" start="2026-03-24T08:32:21.941001" elapsed="0.000000"/>
</if>
<status status="PASS" start="2026-03-24T08:32:20.536211" elapsed="1.404790"/>
</kw>
<status status="PASS" start="2026-03-24T08:32:20.536211" elapsed="1.404790"/>
</kw>
<kw name="delete pet request is submitted" owner="delete_pet_steps">
<kw name="get context value" owner="common">
<kw name="Dictionary Should Contain Key" owner="Collections">
<arg>${CTX}</arg>
<arg>${key}</arg>
<doc>Fails if ``key`` is not found from ``dictionary``.</doc>
<status status="PASS" start="2026-03-24T08:32:21.941001" elapsed="0.000000"/>
</kw>
<kw name="Get From Dictionary" owner="Collections">
<msg time="2026-03-24T08:32:21.941001" level="INFO">${value} = 373</msg>
<var>${value}</var>
<arg>${CTX}</arg>
<arg>${key}</arg>
<doc>Returns a value from the given ``dictionary`` based on the given ``key``.</doc>
<status status="PASS" start="2026-03-24T08:32:21.941001" elapsed="0.000000"/>
</kw>
<return>
<value>${value}</value>
<status status="PASS" start="2026-03-24T08:32:21.941001" elapsed="0.000000"/>
</return>
<msg time="2026-03-24T08:32:21.941001" level="INFO">${pet_id} = 373</msg>
<var>${pet_id}</var>
<arg>pet_id</arg>
<status status="PASS" start="2026-03-24T08:32:21.941001" elapsed="0.000000"/>
</kw>
<kw name="Delete Pet By Id" owner="delete_pet">
<msg time="2026-03-24T08:32:23.486226" level="INFO">${result} = &lt;Response [200]&gt;</msg>
<var>${result}</var>
<arg>${base_url}</arg>
<arg>${delete_pet_by_id_path}</arg>
<arg>${pet_id}</arg>
<arg>${api_key}</arg>
<status status="PASS" start="2026-03-24T08:32:21.941001" elapsed="1.545225"/>
</kw>
<kw name="set context value" owner="common">
<kw name="Set To Dictionary" owner="Collections">
<arg>${CTX}</arg>
<arg>${key}=${value}</arg>
<doc>Adds the given ``key_value_pairs`` and/or ``items`` to the ``dictionary``.</doc>
<status status="PASS" start="2026-03-24T08:32:23.496672" elapsed="0.000000"/>
</kw>
<arg>delete_pet_result</arg>
<arg>${result}</arg>
<status status="PASS" start="2026-03-24T08:32:23.496672" elapsed="0.000000"/>
</kw>
<status status="PASS" start="2026-03-24T08:32:21.941001" elapsed="1.555671"/>
</kw>
<kw name="delete pet response is successful" owner="delete_pet_steps">
<kw name="get context value" owner="common">
<kw name="Dictionary Should Contain Key" owner="Collections">
<arg>${CTX}</arg>
<arg>${key}</arg>
<doc>Fails if ``key`` is not found from ``dictionary``.</doc>
<status status="PASS" start="2026-03-24T08:32:23.498685" elapsed="0.000000"/>
</kw>
<kw name="Get From Dictionary" owner="Collections">
<msg time="2026-03-24T08:32:23.498685" level="INFO">${value} = &lt;Response [200]&gt;</msg>
<var>${value}</var>
<arg>${CTX}</arg>
<arg>${key}</arg>
<doc>Returns a value from the given ``dictionary`` based on the given ``key``.</doc>
<status status="PASS" start="2026-03-24T08:32:23.498685" elapsed="0.000000"/>
</kw>
<return>
<value>${value}</value>
<status status="PASS" start="2026-03-24T08:32:23.498685" elapsed="0.000000"/>
</return>
<msg time="2026-03-24T08:32:23.498685" level="INFO">${result} = &lt;Response [200]&gt;</msg>
<var>${result}</var>
<arg>delete_pet_result</arg>
<status status="PASS" start="2026-03-24T08:32:23.498685" elapsed="0.000000"/>
</kw>
<kw name="Validate Response Status Code" owner="validations">
<arg>200</arg>
<arg>${result.status_code}</arg>
<status status="PASS" start="2026-03-24T08:32:23.498685" elapsed="0.002012"/>
</kw>
<status status="PASS" start="2026-03-24T08:32:23.496672" elapsed="0.004025"/>
</kw>
<status status="PASS" start="2026-03-24T08:32:20.536211" elapsed="2.964486"/>
</kw>
<kw name="When get pet by id request is sent" owner="get_pet_steps">
<kw name="get context value" owner="common">
<kw name="Dictionary Should Contain Key" owner="Collections">
<arg>${CTX}</arg>
<arg>${key}</arg>
<doc>Fails if ``key`` is not found from ``dictionary``.</doc>
<status status="PASS" start="2026-03-24T08:32:23.518829" elapsed="0.000000"/>
</kw>
<kw name="Get From Dictionary" owner="Collections">
<msg time="2026-03-24T08:32:23.518829" level="INFO">${value} = 373</msg>
<var>${value}</var>
<arg>${CTX}</arg>
<arg>${key}</arg>
<doc>Returns a value from the given ``dictionary`` based on the given ``key``.</doc>
<status status="PASS" start="2026-03-24T08:32:23.518829" elapsed="0.000000"/>
</kw>
<return>
<value>${value}</value>
<status status="PASS" start="2026-03-24T08:32:23.518829" elapsed="0.000000"/>
</return>
<msg time="2026-03-24T08:32:23.533781" level="INFO">${pet_id} = 373</msg>
<var>${pet_id}</var>
<arg>pet_id</arg>
<status status="PASS" start="2026-03-24T08:32:23.518829" elapsed="0.014952"/>
</kw>
<kw name="Set Variable" owner="BuiltIn">
<msg time="2026-03-24T08:32:23.534428" level="INFO">${url} = https://petstore.swagger.io/v2/pet/{pet_id}</msg>
<var>${url}</var>
<arg>${base_url}${get_pet_by_id_path}</arg>
<doc>Returns the given values which can then be assigned to a variables.</doc>
<status status="PASS" start="2026-03-24T08:32:23.533781" elapsed="0.000647"/>
</kw>
<kw name="Get Pet By Id" owner="get_pet">
<msg time="2026-03-24T08:32:25.134565" level="INFO">${result} = &lt;Response [404]&gt;</msg>
<var>${result}</var>
<arg>${url}</arg>
<arg>${pet_id}</arg>
<status status="PASS" start="2026-03-24T08:32:23.534428" elapsed="1.600137"/>
</kw>
<kw name="set context value" owner="common">
<kw name="Set To Dictionary" owner="Collections">
<arg>${CTX}</arg>
<arg>${key}=${value}</arg>
<doc>Adds the given ``key_value_pairs`` and/or ``items`` to the ``dictionary``.</doc>
<status status="PASS" start="2026-03-24T08:32:25.134565" elapsed="0.002013"/>
</kw>
<arg>get_pet_response</arg>
<arg>${result}</arg>
<status status="PASS" start="2026-03-24T08:32:25.134565" elapsed="0.002013"/>
</kw>
<if>
<branch type="IF" condition="'${result.status_code}' == '200'">
<kw name="Evaluate" owner="BuiltIn">
<var>${response_body}</var>
<arg>$result.json()</arg>
<doc>Evaluates the given expression in Python and returns the result.</doc>
<status status="NOT RUN" start="2026-03-24T08:32:25.136578" elapsed="0.000000"/>
</kw>
<kw name="set context value" owner="common">
<arg>get_pet_id</arg>
<arg>${response_body}[id]</arg>
<status status="NOT RUN" start="2026-03-24T08:32:25.138592" elapsed="0.000000"/>
</kw>
<kw name="set context value" owner="common">
<arg>get_pet_name</arg>
<arg>${response_body}[name]</arg>
<status status="NOT RUN" start="2026-03-24T08:32:25.138592" elapsed="0.000000"/>
</kw>
<status status="NOT RUN" start="2026-03-24T08:32:25.136578" elapsed="0.002014"/>
</branch>
<status status="PASS" start="2026-03-24T08:32:25.136578" elapsed="0.002014"/>
</if>
<status status="PASS" start="2026-03-24T08:32:23.500697" elapsed="1.637895"/>
</kw>
<kw name="Then get pet response should be error" owner="get_pet_steps">
<kw name="get context value" owner="common">
<kw name="Dictionary Should Contain Key" owner="Collections">
<arg>${CTX}</arg>
<arg>${key}</arg>
<doc>Fails if ``key`` is not found from ``dictionary``.</doc>
<status status="PASS" start="2026-03-24T08:32:25.138592" elapsed="0.000000"/>
</kw>
<kw name="Get From Dictionary" owner="Collections">
<msg time="2026-03-24T08:32:25.141566" level="INFO">${value} = &lt;Response [404]&gt;</msg>
<var>${value}</var>
<arg>${CTX}</arg>
<arg>${key}</arg>
<doc>Returns a value from the given ``dictionary`` based on the given ``key``.</doc>
<status status="PASS" start="2026-03-24T08:32:25.138592" elapsed="0.002974"/>
</kw>
<return>
<value>${value}</value>
<status status="PASS" start="2026-03-24T08:32:25.141566" elapsed="0.000000"/>
</return>
<msg time="2026-03-24T08:32:25.141566" level="INFO">${result} = &lt;Response [404]&gt;</msg>
<var>${result}</var>
<arg>get_pet_response</arg>
<status status="PASS" start="2026-03-24T08:32:25.138592" elapsed="0.002974"/>
</kw>
<kw name="Validate Response Status Code" owner="validations">
<arg>404</arg>
<arg>${result.status_code}</arg>
<status status="PASS" start="2026-03-24T08:32:25.141566" elapsed="0.000000"/>
</kw>
<status status="PASS" start="2026-03-24T08:32:25.138592" elapsed="0.002974"/>
</kw>
<tag>error_test</tag>
<tag>get_pet</tag>
<status status="PASS" start="2026-03-24T08:32:20.527649" elapsed="4.613917"/>
</test>
<status status="PASS" start="2026-03-24T08:32:15.925977" elapsed="9.215589"/>
</suite>
<suite id="s1-s4" name="Update Pet Tests" source="C:\Ryan\Work\Projects\Github\API_Testing\tests\update_pet_tests.robot">
<test id="s1-s4-t1" name="Update name of an existing pet" line="11">
<kw name="create test context" owner="common" type="SETUP">
<kw name="Create Dictionary" owner="BuiltIn">
<msg time="2026-03-24T08:32:25.178767" level="INFO">${ctx} = {}</msg>
<var>${ctx}</var>
<doc>Creates and returns a dictionary based on the given ``items``.</doc>
<status status="PASS" start="2026-03-24T08:32:25.178767" elapsed="0.000000"/>
</kw>
<kw name="Set Test Variable" owner="BuiltIn">
<msg time="2026-03-24T08:32:25.178767" level="INFO">${CTX} = {}</msg>
<arg>${CTX}</arg>
<arg>${ctx}</arg>
<doc>Makes a variable available everywhere within the scope of the current test.</doc>
<status status="PASS" start="2026-03-24T08:32:25.178767" elapsed="0.000000"/>
</kw>
<status status="PASS" start="2026-03-24T08:32:25.178767" elapsed="0.000000"/>
</kw>
<kw name="Given an existing pet record" owner="add_pet_steps">
<kw name="add pet request is sent" owner="add_pet_steps">
<kw name="Set Variable" owner="BuiltIn">
<msg time="2026-03-24T08:32:25.178767" level="INFO">${url} = https://petstore.swagger.io/v2/pet</msg>
<var>${url}</var>
<arg>${base_url}${add_pet_path}</arg>
<doc>Returns the given values which can then be assigned to a variables.</doc>
<status status="PASS" start="2026-03-24T08:32:25.178767" elapsed="0.000000"/>
</kw>
<kw name="Submit Add Pet Request" owner="add_pet">
<msg time="2026-03-24T08:32:27.795073" level="INFO">${result} = &lt;Response [200]&gt;</msg>
<msg time="2026-03-24T08:32:27.797266" level="INFO">${pet_id} = 459</msg>
<msg time="2026-03-24T08:32:27.797266" level="INFO">${pet_name} = Rebecca</msg>
<var>${result}</var>
<var>${pet_id}</var>
<var>${pet_name}</var>
<arg>${url}</arg>
<status status="PASS" start="2026-03-24T08:32:25.178767" elapsed="2.618499"/>
</kw>
<kw name="set context value" owner="common">
<kw name="Set To Dictionary" owner="Collections">
<arg>${CTX}</arg>
<arg>${key}=${value}</arg>
<doc>Adds the given ``key_value_pairs`` and/or ``items`` to the ``dictionary``.</doc>
<status status="PASS" start="2026-03-24T08:32:27.797266" elapsed="0.000000"/>
</kw>
<arg>add_pet_result</arg>
<arg>${result}</arg>
<status status="PASS" start="2026-03-24T08:32:27.797266" elapsed="0.000000"/>
</kw>
<if>
<branch type="IF" condition="'${result.status_code}' == '200'">
<kw name="set context value" owner="common">
<kw name="Set To Dictionary" owner="Collections">
<arg>${CTX}</arg>
<arg>${key}=${value}</arg>
<doc>Adds the given ``key_value_pairs`` and/or ``items`` to the ``dictionary``.</doc>
<status status="PASS" start="2026-03-24T08:32:27.799278" elapsed="0.000000"/>
</kw>
<arg>pet_id</arg>
<arg>${pet_id}</arg>
<status status="PASS" start="2026-03-24T08:32:27.799278" elapsed="0.000000"/>
</kw>
<kw name="set context value" owner="common">
<kw name="Set To Dictionary" owner="Collections">
<arg>${CTX}</arg>
<arg>${key}=${value}</arg>
<doc>Adds the given ``key_value_pairs`` and/or ``items`` to the ``dictionary``.</doc>
<status status="PASS" start="2026-03-24T08:32:27.801290" elapsed="0.000000"/>
</kw>
<arg>pet_name</arg>
<arg>${pet_name}</arg>
<status status="PASS" start="2026-03-24T08:32:27.799278" elapsed="0.002012"/>
</kw>
<status status="PASS" start="2026-03-24T08:32:27.797266" elapsed="0.004024"/>
</branch>
<status status="PASS" start="2026-03-24T08:32:27.797266" elapsed="0.004024"/>
</if>
<status status="PASS" start="2026-03-24T08:32:25.178767" elapsed="2.622523"/>
</kw>
<status status="PASS" start="2026-03-24T08:32:25.178767" elapsed="2.622523"/>
</kw>
<kw name="When a request to update the name of a pet" owner="update_pet_steps">
<kw name="get context value" owner="common">
<kw name="Dictionary Should Contain Key" owner="Collections">
<arg>${CTX}</arg>
<arg>${key}</arg>
<doc>Fails if ``key`` is not found from ``dictionary``.</doc>
<status status="PASS" start="2026-03-24T08:32:27.803304" elapsed="0.000000"/>
</kw>
<kw name="Get From Dictionary" owner="Collections">
<msg time="2026-03-24T08:32:27.803304" level="INFO">${value} = 459</msg>
<var>${value}</var>
<arg>${CTX}</arg>
<arg>${key}</arg>
<doc>Returns a value from the given ``dictionary`` based on the given ``key``.</doc>
<status status="PASS" start="2026-03-24T08:32:27.803304" elapsed="0.000000"/>
</kw>
<return>
<value>${value}</value>
<status status="PASS" start="2026-03-24T08:32:27.803304" elapsed="0.000000"/>
</return>
<msg time="2026-03-24T08:32:27.803304" level="INFO">${pet_id} = 459</msg>
<var>${pet_id}</var>
<arg>pet_id</arg>
<status status="PASS" start="2026-03-24T08:32:27.803304" elapsed="0.000000"/>
</kw>
<kw name="Update Pet Record" owner="update_pet">
<msg time="2026-03-24T08:32:29.330066" level="INFO">${result} = &lt;Response [200]&gt;</msg>
<var>${result}</var>
<arg>${base_url}</arg>
<arg>${update_pet_by_id_path}</arg>
<arg>${pet_id}</arg>
<arg>${pet_name}</arg>
<status status="PASS" start="2026-03-24T08:32:27.803304" elapsed="1.526762"/>
</kw>
<if>
<branch type="IF" condition="'${result.status_code}' == '200'">
<kw name="set context value" owner="common">
<kw name="Set To Dictionary" owner="Collections">
<arg>${CTX}</arg>
<arg>${key}=${value}</arg>
<doc>Adds the given ``key_value_pairs`` and/or ``items`` to the ``dictionary``.</doc>
<status status="PASS" start="2026-03-24T08:32:29.330066" elapsed="0.000000"/>
</kw>
<arg>update_pet_result</arg>
<arg>${result}</arg>
<status status="PASS" start="2026-03-24T08:32:29.330066" elapsed="0.000000"/>
</kw>
<kw name="set context value" owner="common">
<kw name="Set To Dictionary" owner="Collections">
<arg>${CTX}</arg>
<arg>${key}=${value}</arg>
<doc>Adds the given ``key_value_pairs`` and/or ``items`` to the ``dictionary``.</doc>
<status status="PASS" start="2026-03-24T08:32:29.330066" elapsed="0.000000"/>
</kw>
<arg>pet_name</arg>
<arg>${pet_name}</arg>
<status status="PASS" start="2026-03-24T08:32:29.330066" elapsed="0.000000"/>
</kw>
<status status="PASS" start="2026-03-24T08:32:29.330066" elapsed="0.000000"/>
</branch>
<status status="PASS" start="2026-03-24T08:32:29.330066" elapsed="0.000000"/>
</if>
<arg>new name</arg>
<status status="PASS" start="2026-03-24T08:32:27.801290" elapsed="1.528776"/>
</kw>
<kw name="Then update pet response is successful" owner="update_pet_steps">
<kw name="get context value" owner="common">
<kw name="Dictionary Should Contain Key" owner="Collections">
<arg>${CTX}</arg>
<arg>${key}</arg>
<doc>Fails if ``key`` is not found from ``dictionary``.</doc>
<status status="PASS" start="2026-03-24T08:32:29.330066" elapsed="0.000000"/>
</kw>
<kw name="Get From Dictionary" owner="Collections">
<msg time="2026-03-24T08:32:29.338329" level="INFO">${value} = &lt;Response [200]&gt;</msg>
<var>${value}</var>
<arg>${CTX}</arg>
<arg>${key}</arg>
<doc>Returns a value from the given ``dictionary`` based on the given ``key``.</doc>
<status status="PASS" start="2026-03-24T08:32:29.330066" elapsed="0.008263"/>
</kw>
<return>
<value>${value}</value>
<status status="PASS" start="2026-03-24T08:32:29.338329" elapsed="0.000000"/>
</return>
<msg time="2026-03-24T08:32:29.338329" level="INFO">${result} = &lt;Response [200]&gt;</msg>
<var>${result}</var>
<arg>update_pet_result</arg>
<status status="PASS" start="2026-03-24T08:32:29.330066" elapsed="0.008263"/>
</kw>
<kw name="Validate Response Status Code" owner="validations">
<arg>200</arg>
<arg>${result.status_code}</arg>
<status status="PASS" start="2026-03-24T08:32:29.338329" elapsed="0.000000"/>
</kw>
<status status="PASS" start="2026-03-24T08:32:29.330066" elapsed="0.008263"/>
</kw>
<kw name="And update pet response should contain correct" owner="update_pet_steps">
<kw name="get context value" owner="common">
<kw name="Dictionary Should Contain Key" owner="Collections">
<arg>${CTX}</arg>
<arg>${key}</arg>
<doc>Fails if ``key`` is not found from ``dictionary``.</doc>
<status status="PASS" start="2026-03-24T08:32:29.338329" elapsed="0.000000"/>
</kw>
<kw name="Get From Dictionary" owner="Collections">
<msg time="2026-03-24T08:32:29.341707" level="INFO">${value} = &lt;Response [200]&gt;</msg>
<var>${value}</var>
<arg>${CTX}</arg>
<arg>${key}</arg>
<doc>Returns a value from the given ``dictionary`` based on the given ``key``.</doc>
<status status="PASS" start="2026-03-24T08:32:29.341707" elapsed="0.000000"/>
</kw>
<return>
<value>${value}</value>
<status status="PASS" start="2026-03-24T08:32:29.341707" elapsed="0.000000"/>
</return>
<msg time="2026-03-24T08:32:29.341707" level="INFO">${result} = &lt;Response [200]&gt;</msg>
<var>${result}</var>
<arg>update_pet_result</arg>
<status status="PASS" start="2026-03-24T08:32:29.338329" elapsed="0.003378"/>
</kw>
<kw name="get context value" owner="common">
<kw name="Dictionary Should Contain Key" owner="Collections">
<arg>${CTX}</arg>
<arg>${key}</arg>
<doc>Fails if ``key`` is not found from ``dictionary``.</doc>
<status status="PASS" start="2026-03-24T08:32:29.341707" elapsed="0.002013"/>
</kw>
<kw name="Get From Dictionary" owner="Collections">
<msg time="2026-03-24T08:32:29.343720" level="INFO">${value} = 459</msg>
<var>${value}</var>
<arg>${CTX}</arg>
<arg>${key}</arg>
<doc>Returns a value from the given ``dictionary`` based on the given ``key``.</doc>
<status status="PASS" start="2026-03-24T08:32:29.343720" elapsed="0.000000"/>
</kw>
<return>
<value>${value}</value>
<status status="PASS" start="2026-03-24T08:32:29.343720" elapsed="0.000000"/>
</return>
<msg time="2026-03-24T08:32:29.343720" level="INFO">${expected_value} = 459</msg>
<var>${expected_value}</var>
<arg>pet_${key}</arg>
<status status="PASS" start="2026-03-24T08:32:29.341707" elapsed="0.002013"/>
</kw>
<kw name="Evaluate" owner="BuiltIn">
<msg time="2026-03-24T08:32:29.343720" level="INFO">${response_body} = {'id': 459, 'category': {'id': 0, 'name': 'string'}, 'name': 'new name', 'photoUrls': ['string'], 'tags': [{'id': 0, 'name': 'string'}], 'status': 'available'}</msg>
<var>${response_body}</var>
<arg>$result.json()</arg>
<doc>Evaluates the given expression in Python and returns the result.</doc>
<status status="PASS" start="2026-03-24T08:32:29.343720" elapsed="0.000000"/>
</kw>
<kw name="Validate Response Body" owner="validations">
<arg>${response_body}</arg>
<arg>${key}</arg>
<arg>${expected_value}</arg>
<status status="PASS" start="2026-03-24T08:32:29.343720" elapsed="0.000000"/>
</kw>
<arg>id</arg>
<status status="PASS" start="2026-03-24T08:32:29.338329" elapsed="0.007404"/>
</kw>
<kw name="And update pet response should contain correct" owner="update_pet_steps">
<kw name="get context value" owner="common">
<kw name="Dictionary Should Contain Key" owner="Collections">
<arg>${CTX}</arg>
<arg>${key}</arg>
<doc>Fails if ``key`` is not found from ``dictionary``.</doc>
<status status="PASS" start="2026-03-24T08:32:29.345733" elapsed="0.000000"/>
</kw>
<kw name="Get From Dictionary" owner="Collections">
<msg time="2026-03-24T08:32:29.347821" level="INFO">${value} = &lt;Response [200]&gt;</msg>
<var>${value}</var>
<arg>${CTX}</arg>
<arg>${key}</arg>
<doc>Returns a value from the given ``dictionary`` based on the given ``key``.</doc>
<status status="PASS" start="2026-03-24T08:32:29.345733" elapsed="0.002088"/>
</kw>
<return>
<value>${value}</value>
<status status="PASS" start="2026-03-24T08:32:29.347821" elapsed="0.000000"/>
</return>
<msg time="2026-03-24T08:32:29.347821" level="INFO">${result} = &lt;Response [200]&gt;</msg>
<var>${result}</var>
<arg>update_pet_result</arg>
<status status="PASS" start="2026-03-24T08:32:29.345733" elapsed="0.002088"/>
</kw>
<kw name="get context value" owner="common">
<kw name="Dictionary Should Contain Key" owner="Collections">
<arg>${CTX}</arg>
<arg>${key}</arg>
<doc>Fails if ``key`` is not found from ``dictionary``.</doc>
<status status="PASS" start="2026-03-24T08:32:29.347821" elapsed="0.000000"/>
</kw>
<kw name="Get From Dictionary" owner="Collections">
<msg time="2026-03-24T08:32:29.347821" level="INFO">${value} = new name</msg>
<var>${value}</var>
<arg>${CTX}</arg>
<arg>${key}</arg>
<doc>Returns a value from the given ``dictionary`` based on the given ``key``.</doc>
<status status="PASS" start="2026-03-24T08:32:29.347821" elapsed="0.002010"/>
</kw>
<return>
<value>${value}</value>
<status status="PASS" start="2026-03-24T08:32:29.349831" elapsed="0.000000"/>
</return>
<msg time="2026-03-24T08:32:29.349831" level="INFO">${expected_value} = new name</msg>
<var>${expected_value}</var>
<arg>pet_${key}</arg>
<status status="PASS" start="2026-03-24T08:32:29.347821" elapsed="0.002010"/>
</kw>
<kw name="Evaluate" owner="BuiltIn">
<msg time="2026-03-24T08:32:29.349831" level="INFO">${response_body} = {'id': 459, 'category': {'id': 0, 'name': 'string'}, 'name': 'new name', 'photoUrls': ['string'], 'tags': [{'id': 0, 'name': 'string'}], 'status': 'available'}</msg>
<var>${response_body}</var>
<arg>$result.json()</arg>
<doc>Evaluates the given expression in Python and returns the result.</doc>
<status status="PASS" start="2026-03-24T08:32:29.349831" elapsed="0.000000"/>
</kw>
<kw name="Validate Response Body" owner="validations">
<arg>${response_body}</arg>
<arg>${key}</arg>
<arg>${expected_value}</arg>
<status status="PASS" start="2026-03-24T08:32:29.349831" elapsed="0.000000"/>
</kw>
<arg>name</arg>
<status status="PASS" start="2026-03-24T08:32:29.345733" elapsed="0.004098"/>
</kw>
<tag>update_pet</tag>
<status status="PASS" start="2026-03-24T08:32:25.175366" elapsed="4.174465"/>
</test>
<status status="PASS" start="2026-03-24T08:32:25.141566" elapsed="4.208265"/>
</suite>
<status status="PASS" start="2026-03-24T08:32:07.545583" elapsed="21.804248"/>
</suite>
<statistics>
<total>
<stat pass="7" fail="0" skip="0">All Tests</stat>
</total>
<tag>
<stat pass="1" fail="0" skip="0">add_pet</stat>
<stat pass="2" fail="0" skip="0">delete_pet</stat>
<stat pass="3" fail="0" skip="0">error_test</stat>
<stat pass="3" fail="0" skip="0">get_pet</stat>
<stat pass="1" fail="0" skip="0">update_pet</stat>
</tag>
<suite>
<stat name="Tests" id="s1" pass="7" fail="0" skip="0">Tests</stat>
<stat name="Add Pet Tests" id="s1-s1" pass="1" fail="0" skip="0">Tests.Add Pet Tests</stat>
<stat name="Delete Pet Tests" id="s1-s2" pass="2" fail="0" skip="0">Tests.Delete Pet Tests</stat>
<stat name="Get Pet Tests" id="s1-s3" pass="3" fail="0" skip="0">Tests.Get Pet Tests</stat>
<stat name="Update Pet Tests" id="s1-s4" pass="1" fail="0" skip="0">Tests.Update Pet Tests</stat>
</suite>
</statistics>
<errors>
</errors>
</robot>
